#
# A fatal error has been detected by the Java Runtime Environment:
#
#  EXCEPTION_ACCESS_VIOLATION (0xc0000005) at pc=0x000000005e5763d9, pid=7172, tid=7228
#
# JRE version: Java(TM) SE Runtime Environment (7.0_51-b13) (build 1.7.0_51-b13)
# Java VM: Java HotSpot(TM) 64-Bit Server VM (24.51-b03 mixed mode windows-amd64 compressed oops)
# Problematic frame:
# V  [jvm.dll+0x1963d9]
#
# Failed to write core dump. Minidumps are not enabled by default on client versions of Windows
#
# If you would like to submit a bug report, please visit:
#   http://bugreport.sun.com/bugreport/crash.jsp
#

---------------  T H R E A D  ---------------

Current thread (0x000000000ae4c000):  JavaThread "JDWP Transport Listener: dt_socket" daemon [_thread_in_vm, id=7228, stack(0x000000000cde0000,0x000000000cee0000)]

siginfo: ExceptionCode=0xc0000005, reading address 0x0000000000000000

Registers:
RAX=0x0000000000000000, RBX=0x000000000d6fb618, RCX=0x0000000000000000, RDX=0x0000000000000000
RSP=0x000000000cedf110, RBP=0x000000000cedf179, RSI=0x0000000000000000, RDI=0x000000000d6fb620
R8 =0x0000000781c043a0, R9 =0x00000000607b0000, R10=0x0000000000000000, R11=0x0000000000000000
R12=0x000000000ae4c000, R13=0x000000000c36df40, R14=0x000000000cedf5f0, R15=0x000000000cedf5f0
RIP=0x000000005e5763d9, EFLAGS=0x0000000000010246

Top of Stack: (sp=0x000000000cedf110)
0x000000000cedf110:   000000000d6fb618 000000000cedf179
0x000000000cedf120:   0000000000000000 0000000000000000
0x000000000cedf130:   ffffffffffff0101 000000000d6fb5e0
0x000000000cedf140:   0000000000000000 000000000def9c30
0x000000000cedf150:   0000000781dfc1c0 000000005e485b4d
0x000000000cedf160:   000000000d6fb548 000000000d6fb590
0x000000000cedf170:   000000000d6fb590 000000000000001a
0x000000000cedf180:   000000000c36df40 000000000aded760
0x000000000cedf190:   000000000cedf280 000000000cedf5f0
0x000000000cedf1a0:   000000000cedf5f0 000000000ae4c000
0x000000000cedf1b0:   000000000c36df40 000000000aded760
0x000000000cedf1c0:   0000000000000000 000000000c36ccd0
0x000000000cedf1d0:   000000000cedf289 000000005e576cc5
0x000000000cedf1e0:   0000000000000126 0000000000000000
0x000000000cedf1f0:   000000000d6fb5e0 000000000ae4c000
0x000000000cedf200:   0000000000000000 0000000000000000 

Instructions: (pc=0x000000005e5763d9)
0x000000005e5763b9:   85 c0 75 05 48 8b c6 eb 10 49 8b 8c 24 20 01 00
0x000000005e5763c9:   00 48 8b d0 e8 3e eb e6 ff 48 89 45 c7 4c 8b 03
0x000000005e5763d9:   48 8b 08 41 8b 50 3c 85 d2 75 09 41 8b 40 34 89
0x000000005e5763e9:   41 3c eb 03 89 51 3c 4d 8b a4 24 18 01 00 00 33 


Register to memory mapping:

RAX=0x0000000000000000 is an unknown value
RBX=0x000000000d6fb618 is an unknown value
RCX=0x0000000000000000 is an unknown value
RDX=0x0000000000000000 is an unknown value
RSP=0x000000000cedf110 is pointing into the stack for thread: 0x000000000ae4c000
RBP=0x000000000cedf179 is pointing into the stack for thread: 0x000000000ae4c000
RSI=0x0000000000000000 is an unknown value
RDI=0x000000000d6fb620 is an unknown value
R8 =0x0000000781c043a0 is an oop

[error occurred during error reporting (printing register info), id 0xe0000000]

Stack: [0x000000000cde0000,0x000000000cee0000],  sp=0x000000000cedf110,  free space=1020k
Native frames: (J=compiled Java code, j=interpreted, Vv=VM code, C=native code)
V  [jvm.dll+0x1963d9]


---------------  P R O C E S S  ---------------

Java Threads: ( => current thread )
  0x000000000dad1800 JavaThread "DefaultQuartzScheduler_QuartzSchedulerThread" [_thread_blocked, id=5048, stack(0x00000000105b0000,0x00000000106b0000)]
  0x000000000dad7000 JavaThread "DefaultQuartzScheduler_Worker-10" [_thread_blocked, id=6468, stack(0x000000000f6f0000,0x000000000f7f0000)]
  0x000000000dad2800 JavaThread "DefaultQuartzScheduler_Worker-9" [_thread_blocked, id=1056, stack(0x0000000010110000,0x0000000010210000)]
  0x000000000dad8800 JavaThread "DefaultQuartzScheduler_Worker-8" [_thread_blocked, id=5468, stack(0x000000000fb60000,0x000000000fc60000)]
  0x000000000dad7800 JavaThread "DefaultQuartzScheduler_Worker-7" [_thread_blocked, id=6704, stack(0x000000000fa10000,0x000000000fb10000)]
  0x000000000dadb800 JavaThread "DefaultQuartzScheduler_Worker-6" [_thread_blocked, id=2312, stack(0x000000000f820000,0x000000000f920000)]
  0x000000000dadd000 JavaThread "DefaultQuartzScheduler_Worker-5" [_thread_blocked, id=6600, stack(0x000000000f560000,0x000000000f660000)]
  0x000000000dad6000 JavaThread "DefaultQuartzScheduler_Worker-4" [_thread_blocked, id=2572, stack(0x000000000f440000,0x000000000f540000)]
  0x000000000dad1000 JavaThread "DefaultQuartzScheduler_Worker-3" [_thread_blocked, id=8000, stack(0x000000000f310000,0x000000000f410000)]
  0x000000000dad4800 JavaThread "DefaultQuartzScheduler_Worker-2" [_thread_blocked, id=7892, stack(0x000000000f1f0000,0x000000000f2f0000)]
  0x000000000dad3000 JavaThread "DefaultQuartzScheduler_Worker-1" [_thread_blocked, id=5320, stack(0x000000000f0c0000,0x000000000f1c0000)]
  0x000000000dadc000 JavaThread "HashSessionScavenger-11" daemon [_thread_blocked, id=6340, stack(0x000000000ef70000,0x000000000f070000)]
  0x000000000e283000 JavaThread "Abandoned connection cleanup thread" daemon [_thread_blocked, id=1180, stack(0x0000000015630000,0x0000000015730000)]
  0x000000000e284800 JavaThread "Abandoned connection cleanup thread" daemon [_thread_blocked, id=1236, stack(0x0000000015cc0000,0x0000000015dc0000)]
  0x000000000e45b800 JavaThread "Abandoned connection cleanup thread" daemon [_thread_blocked, id=5604, stack(0x0000000012f40000,0x0000000013040000)]
  0x000000000e45b000 JavaThread "Abandoned connection cleanup thread" daemon [_thread_blocked, id=8064, stack(0x000000000fdd0000,0x000000000fed0000)]
  0x000000000df4d800 JavaThread "Abandoned connection cleanup thread" daemon [_thread_blocked, id=4792, stack(0x000000000fcb0000,0x000000000fdb0000)]
  0x000000000df4e800 JavaThread "Abandoned connection cleanup thread" daemon [_thread_blocked, id=5396, stack(0x0000000010430000,0x0000000010530000)]
  0x000000000df4f000 JavaThread "Abandoned connection cleanup thread" daemon [_thread_blocked, id=5152, stack(0x0000000010230000,0x0000000010330000)]
  0x000000000dade800 JavaThread "Abandoned connection cleanup thread" daemon [_thread_blocked, id=7148, stack(0x0000000011a30000,0x0000000011b30000)]
  0x000000000dad9000 JavaThread "Abandoned connection cleanup thread" daemon [_thread_blocked, id=6456, stack(0x00000000109d0000,0x0000000010ad0000)]
  0x000000000dade000 JavaThread "Abandoned connection cleanup thread" daemon [_thread_blocked, id=7164, stack(0x000000000ffa0000,0x00000000100a0000)]
  0x000000000df4d000 JavaThread "qtp1848170714-43" [_thread_blocked, id=6096, stack(0x0000000011560000,0x0000000011660000)]
  0x000000000df4c000 JavaThread "qtp1848170714-42" [_thread_blocked, id=7904, stack(0x00000000110e0000,0x00000000111e0000)]
  0x000000000df4b800 JavaThread "qtp1848170714-41" [_thread_blocked, id=5068, stack(0x00000000113d0000,0x00000000114d0000)]
  0x000000000df4a800 JavaThread "qtp1848170714-40" [_thread_blocked, id=6464, stack(0x0000000011240000,0x0000000011340000)]
  0x000000000df4a000 JavaThread "qtp1848170714-39" [_thread_blocked, id=156, stack(0x0000000010760000,0x0000000010860000)]
  0x000000000df49000 JavaThread "qtp1848170714-38" [_thread_blocked, id=1988, stack(0x0000000010fc0000,0x00000000110c0000)]
  0x000000000df48800 JavaThread "qtp1848170714-37 Selector0" [_thread_in_native, id=2944, stack(0x0000000010e80000,0x0000000010f80000)]
  0x000000000dadf800 JavaThread "qtp1848170714-36 Acceptor0 SelectChannelConnector@0.0.0.0:8080" [_thread_in_native, id=4972, stack(0x0000000010d70000,0x0000000010e70000)]
  0x000000000dada800 JavaThread "Abandoned connection cleanup thread" daemon [_thread_blocked, id=5044, stack(0x0000000010330000,0x0000000010430000)]
  0x000000000c681800 JavaThread "JFinal-Scanner" daemon [_thread_blocked, id=1772, stack(0x000000000dde0000,0x000000000dee0000)]
  0x000000000c389800 JavaThread "Service Thread" daemon [_thread_blocked, id=6032, stack(0x000000000d290000,0x000000000d390000)]
  0x000000000c384800 JavaThread "C2 CompilerThread1" daemon [_thread_blocked, id=5640, stack(0x000000000d170000,0x000000000d270000)]
  0x000000000c381000 JavaThread "C2 CompilerThread0" daemon [_thread_blocked, id=2536, stack(0x000000000c920000,0x000000000ca20000)]
  0x000000000c374800 JavaThread "JDWP Command Reader" daemon [_thread_in_native, id=7784, stack(0x000000000cfc0000,0x000000000d0c0000)]
  0x000000000c371800 JavaThread "JDWP Event Helper Thread" daemon [_thread_blocked, id=6700, stack(0x000000000cca0000,0x000000000cda0000)]
=>0x000000000ae4c000 JavaThread "JDWP Transport Listener: dt_socket" daemon [_thread_in_vm, id=7228, stack(0x000000000cde0000,0x000000000cee0000)]
  0x000000000ae46800 JavaThread "Attach Listener" daemon [_thread_blocked, id=5544, stack(0x000000000c820000,0x000000000c920000)]
  0x000000000c368800 JavaThread "Signal Dispatcher" daemon [_thread_blocked, id=2576, stack(0x000000000c150000,0x000000000c250000)]
  0x000000000add8800 JavaThread "Finalizer" daemon [_thread_blocked, id=7472, stack(0x000000000c260000,0x000000000c360000)]
  0x000000000adcf800 JavaThread "Reference Handler" daemon [_thread_blocked, id=7484, stack(0x000000000c030000,0x000000000c130000)]
  0x0000000002428000 JavaThread "main" [_thread_blocked, id=7180, stack(0x00000000026b0000,0x00000000027b0000)]

Other Threads:
  0x000000000adce000 VMThread [stack: 0x000000000be00000,0x000000000bf00000] [id=7932]
  0x000000000c3af000 WatcherThread [stack: 0x000000000d480000,0x000000000d580000] [id=6024]

VM state:not at safepoint (normal execution)

VM Mutex/Monitor currently owned by a thread: None

Heap
 PSYoungGen      total 49664K, used 0K [0x00000007d5f00000, 0x00000007d9b80000, 0x0000000800000000)
  eden space 36864K, 0% used [0x00000007d5f00000,0x00000007d5f000c8,0x00000007d8300000)
  from space 12800K, 0% used [0x00000007d8300000,0x00000007d8300000,0x00000007d8f80000)
  to   space 12288K, 0% used [0x00000007d8f80000,0x00000007d8f80000,0x00000007d9b80000)
 ParOldGen       total 443904K, used 14192K [0x0000000781e00000, 0x000000079cf80000, 0x00000007d5f00000)
  object space 443904K, 3% used [0x0000000781e00000,0x0000000782bdc2a8,0x000000079cf80000)
 PSPermGen       total 83968K, used 83967K [0x000000077cc00000, 0x0000000781e00000, 0x0000000781e00000)
  object space 83968K, 99% used [0x000000077cc00000,0x0000000781dffdb0,0x0000000781e00000)

Card table byte_map: [0x0000000005870000,0x0000000005c90000] byte_map_base: 0x0000000001c8a000

Polling page: 0x0000000000430000

Code Cache  [0x00000000027b0000, 0x0000000002a30000, 0x00000000057b0000)
 total_blobs=939 nmethods=565 adapters=334 free_code_cache=46699Kb largest_free_block=47769984

Compilation events (10 events):
Event: 672.722 Thread 0x000000000c384800  583 %           com.mysql.jdbc.SingleByteCharsetConverter::<clinit> @ 58 (80 bytes)
Event: 672.724 Thread 0x000000000c384800 nmethod 583% 0x0000000002940590 code [0x0000000002940700, 0x0000000002940878]
Event: 672.821 Thread 0x000000000c381000  584             java.io.FileDescriptor::valid (25 bytes)
Event: 672.821 Thread 0x000000000c381000 nmethod 584 0x000000000293d690 code [0x000000000293d7c0, 0x000000000293d838]
Event: 687.617 Thread 0x000000000c384800  585   !         org.eclipse.jetty.util.URIUtil::encodePath (828 bytes)
Event: 687.623 Thread 0x000000000c384800 nmethod 585 0x0000000002a1d410 code [0x0000000002a1dc00, 0x0000000002a1e2a8]
Event: 687.644 Thread 0x000000000c381000  586 % !         java.beans.Introspector::getPublicDeclaredMethods @ 40 (92 bytes)
Event: 687.648 Thread 0x000000000c381000 nmethod 586% 0x000000000293fb90 code [0x000000000293fd00, 0x00000000029402e8]
Event: 687.648 Thread 0x000000000c384800  587   !         java.beans.Introspector::getPublicDeclaredMethods (92 bytes)
Event: 687.653 Thread 0x000000000c384800 nmethod 587 0x0000000002976d90 code [0x0000000002976f60, 0x0000000002977770]

GC Heap History (10 events):
Event: 688.486 GC heap before
{Heap before GC invocations=28 (full 5):
 PSYoungGen      total 49152K, used 96K [0x00000007d5f00000, 0x00000007d9c00000, 0x0000000800000000)
  eden space 36352K, 0% used [0x00000007d5f00000,0x00000007d5f00000,0x00000007d8280000)
  from space 12800K, 0% used [0x00000007d8280000,0x00000007d8298000,0x00000007d8f00000)
  to   space 12800K, 0% used [0x00000007d8f80000,0x00000007d8f80000,0x00000007d9c00000)
 ParOldGen       total 187904K, used 14721K [0x0000000781e00000, 0x000000078d580000, 0x00000007d5f00000)
  object space 187904K, 7% used [0x0000000781e00000,0x0000000782c60500,0x000000078d580000)
 PSPermGen       total 83968K, used 83967K [0x000000077cc00000, 0x0000000781e00000, 0x0000000781e00000)
  object space 83968K, 99% used [0x000000077cc00000,0x0000000781dfff78,0x0000000781e00000)
Event: 688.590 GC heap after
Heap after GC invocations=28 (full 5):
 PSYoungGen      total 49152K, used 0K [0x00000007d5f00000, 0x00000007d9c00000, 0x0000000800000000)
  eden space 36352K, 0% used [0x00000007d5f00000,0x00000007d5f00000,0x00000007d8280000)
  from space 12800K, 0% used [0x00000007d8280000,0x00000007d8280000,0x00000007d8f00000)
  to   space 12800K, 0% used [0x00000007d8f80000,0x00000007d8f80000,0x00000007d9c00000)
 ParOldGen       total 253952K, used 14164K [0x0000000781e00000, 0x0000000791600000, 0x00000007d5f00000)
  object space 253952K, 5% used [0x0000000781e00000,0x0000000782bd5018,0x0000000791600000)
 PSPermGen       total 83968K, used 83849K [0x000000077cc00000, 0x0000000781e00000, 0x0000000781e00000)
  object space 83968K, 99% used [0x000000077cc00000,0x0000000781de2698,0x0000000781e00000)
}
Event: 703.107 GC heap before
{Heap before GC invocations=29 (full 5):
 PSYoungGen      total 49152K, used 1127K [0x00000007d5f00000, 0x00000007d9c00000, 0x0000000800000000)
  eden space 36352K, 3% used [0x00000007d5f00000,0x00000007d6019e58,0x00000007d8280000)
  from space 12800K, 0% used [0x00000007d8280000,0x00000007d8280000,0x00000007d8f00000)
  to   space 12800K, 0% used [0x00000007d8f80000,0x00000007d8f80000,0x00000007d9c00000)
 ParOldGen       total 253952K, used 14164K [0x0000000781e00000, 0x0000000791600000, 0x00000007d5f00000)
  object space 253952K, 5% used [0x0000000781e00000,0x0000000782bd5018,0x0000000791600000)
 PSPermGen       total 83968K, used 83967K [0x000000077cc00000, 0x0000000781e00000, 0x0000000781e00000)
  object space 83968K, 99% used [0x000000077cc00000,0x0000000781dffdb0,0x0000000781e00000)
Event: 703.109 GC heap after
Heap after GC invocations=29 (full 5):
 PSYoungGen      total 49664K, used 128K [0x00000007d5f00000, 0x00000007d9c00000, 0x0000000800000000)
  eden space 36864K, 0% used [0x00000007d5f00000,0x00000007d5f00000,0x00000007d8300000)
  from space 12800K, 1% used [0x00000007d8f80000,0x00000007d8fa0000,0x00000007d9c00000)
  to   space 12800K, 0% used [0x00000007d8300000,0x00000007d8300000,0x00000007d8f80000)
 ParOldGen       total 253952K, used 14164K [0x0000000781e00000, 0x0000000791600000, 0x00000007d5f00000)
  object space 253952K, 5% used [0x0000000781e00000,0x0000000782bd5018,0x0000000791600000)
 PSPermGen       total 83968K, used 83967K [0x000000077cc00000, 0x0000000781e00000, 0x0000000781e00000)
  object space 83968K, 99% used [0x000000077cc00000,0x0000000781dffdb0,0x0000000781e00000)
}
Event: 703.109 GC heap before
{Heap before GC invocations=30 (full 6):
 PSYoungGen      total 49664K, used 128K [0x00000007d5f00000, 0x00000007d9c00000, 0x0000000800000000)
  eden space 36864K, 0% used [0x00000007d5f00000,0x00000007d5f00000,0x00000007d8300000)
  from space 12800K, 1% used [0x00000007d8f80000,0x00000007d8fa0000,0x00000007d9c00000)
  to   space 12800K, 0% used [0x00000007d8300000,0x00000007d8300000,0x00000007d8f80000)
 ParOldGen       total 253952K, used 14164K [0x0000000781e00000, 0x0000000791600000, 0x00000007d5f00000)
  object space 253952K, 5% used [0x0000000781e00000,0x0000000782bd5018,0x0000000791600000)
 PSPermGen       total 83968K, used 83967K [0x000000077cc00000, 0x0000000781e00000, 0x0000000781e00000)
  object space 83968K, 99% used [0x000000077cc00000,0x0000000781dffdb0,0x0000000781e00000)
Event: 703.214 GC heap after
Heap after GC invocations=30 (full 6):
 PSYoungGen      total 49664K, used 0K [0x00000007d5f00000, 0x00000007d9c00000, 0x0000000800000000)
  eden space 36864K, 0% used [0x00000007d5f00000,0x00000007d5f00000,0x00000007d8300000)
  from space 12800K, 0% used [0x00000007d8f80000,0x00000007d8f80000,0x00000007d9c00000)
  to   space 12800K, 0% used [0x00000007d8300000,0x00000007d8300000,0x00000007d8f80000)
 ParOldGen       total 346624K, used 14204K [0x0000000781e00000, 0x0000000797080000, 0x00000007d5f00000)
  object space 346624K, 4% used [0x0000000781e00000,0x0000000782bdf150,0x0000000797080000)
 PSPermGen       total 83968K, used 83967K [0x000000077cc00000, 0x0000000781e00000, 0x0000000781e00000)
  object space 83968K, 99% used [0x000000077cc00000,0x0000000781dffdb0,0x0000000781e00000)
}
Event: 703.214 GC heap before
{Heap before GC invocations=31 (full 6):
 PSYoungGen      total 49664K, used 0K [0x00000007d5f00000, 0x00000007d9c00000, 0x0000000800000000)
  eden space 36864K, 0% used [0x00000007d5f00000,0x00000007d5f00000,0x00000007d8300000)
  from space 12800K, 0% used [0x00000007d8f80000,0x00000007d8f80000,0x00000007d9c00000)
  to   space 12800K, 0% used [0x00000007d8300000,0x00000007d8300000,0x00000007d8f80000)
 ParOldGen       total 346624K, used 14204K [0x0000000781e00000, 0x0000000797080000, 0x00000007d5f00000)
  object space 346624K, 4% used [0x0000000781e00000,0x0000000782bdf150,0x0000000797080000)
 PSPermGen       total 83968K, used 83967K [0x000000077cc00000, 0x0000000781e00000, 0x0000000781e00000)
  object space 83968K, 99% used [0x000000077cc00000,0x0000000781dffdb0,0x0000000781e00000)
Event: 703.216 GC heap after
Heap after GC invocations=31 (full 6):
 PSYoungGen      total 49664K, used 0K [0x00000007d5f00000, 0x00000007d9b80000, 0x0000000800000000)
  eden space 36864K, 0% used [0x00000007d5f00000,0x00000007d5f00000,0x00000007d8300000)
  from space 12800K, 0% used [0x00000007d8300000,0x00000007d8300000,0x00000007d8f80000)
  to   space 12288K, 0% used [0x00000007d8f80000,0x00000007d8f80000,0x00000007d9b80000)
 ParOldGen       total 346624K, used 14204K [0x0000000781e00000, 0x0000000797080000, 0x00000007d5f00000)
  object space 346624K, 4% used [0x0000000781e00000,0x0000000782bdf150,0x0000000797080000)
 PSPermGen       total 83968K, used 83967K [0x000000077cc00000, 0x0000000781e00000, 0x0000000781e00000)
  object space 83968K, 99% used [0x000000077cc00000,0x0000000781dffdb0,0x0000000781e00000)
}
Event: 703.216 GC heap before
{Heap before GC invocations=32 (full 7):
 PSYoungGen      total 49664K, used 0K [0x00000007d5f00000, 0x00000007d9b80000, 0x0000000800000000)
  eden space 36864K, 0% used [0x00000007d5f00000,0x00000007d5f00000,0x00000007d8300000)
  from space 12800K, 0% used [0x00000007d8300000,0x00000007d8300000,0x00000007d8f80000)
  to   space 12288K, 0% used [0x00000007d8f80000,0x00000007d8f80000,0x00000007d9b80000)
 ParOldGen       total 346624K, used 14204K [0x0000000781e00000, 0x0000000797080000, 0x00000007d5f00000)
  object space 346624K, 4% used [0x0000000781e00000,0x0000000782bdf150,0x0000000797080000)
 PSPermGen       total 83968K, used 83967K [0x000000077cc00000, 0x0000000781e00000, 0x0000000781e00000)
  object space 83968K, 99% used [0x000000077cc00000,0x0000000781dffdb0,0x0000000781e00000)
Event: 703.270 GC heap after
Heap after GC invocations=32 (full 7):
 PSYoungGen      total 49664K, used 0K [0x00000007d5f00000, 0x00000007d9b80000, 0x0000000800000000)
  eden space 36864K, 0% used [0x00000007d5f00000,0x00000007d5f00000,0x00000007d8300000)
  from space 12800K, 0% used [0x00000007d8300000,0x00000007d8300000,0x00000007d8f80000)
  to   space 12288K, 0% used [0x00000007d8f80000,0x00000007d8f80000,0x00000007d9b80000)
 ParOldGen       total 443904K, used 14192K [0x0000000781e00000, 0x000000079cf80000, 0x00000007d5f00000)
  object space 443904K, 3% used [0x0000000781e00000,0x0000000782bdc2a8,0x000000079cf80000)
 PSPermGen       total 83968K, used 83967K [0x000000077cc00000, 0x0000000781e00000, 0x0000000781e00000)
  object space 83968K, 99% used [0x000000077cc00000,0x0000000781dffdb0,0x0000000781e00000)
}

Deoptimization events (10 events):
Event: 687.932 Thread 0x000000000c681800 Uncommon trap: reason=unhandled action=none pc=0x0000000002986ec0 method=java.net.URLClassLoader$1.run()Ljava/lang/Class; @ 72
Event: 687.932 Thread 0x000000000c681800 Uncommon trap: reason=unhandled action=none pc=0x0000000002986ec0 method=java.net.URLClassLoader$1.run()Ljava/lang/Class; @ 72
Event: 687.933 Thread 0x000000000c681800 Uncommon trap: reason=unhandled action=none pc=0x0000000002986ec0 method=java.net.URLClassLoader$1.run()Ljava/lang/Class; @ 72
Event: 687.933 Thread 0x000000000c681800 Uncommon trap: reason=unhandled action=none pc=0x0000000002986ec0 method=java.net.URLClassLoader$1.run()Ljava/lang/Class; @ 72
Event: 688.484 Thread 0x000000000c681800 Uncommon trap: reason=unhandled action=none pc=0x0000000002986ec0 method=java.net.URLClassLoader$1.run()Ljava/lang/Class; @ 72
Event: 688.484 Thread 0x000000000c681800 Uncommon trap: reason=unreached action=reinterpret pc=0x00000000029891ec method=java.lang.ref.SoftReference.get()Ljava/lang/Object; @ 6
Event: 688.484 Thread 0x000000000c681800 Uncommon trap: reason=unreached action=reinterpret pc=0x00000000028bfb34 method=java.lang.ref.SoftReference.get()Ljava/lang/Object; @ 6
Event: 688.598 Thread 0x000000000c681800 Uncommon trap: reason=unhandled action=none pc=0x00000000029a8e90 method=java.net.URLClassLoader$1.run()Ljava/lang/Class; @ 72
Event: 688.601 Thread 0x000000000c681800 Uncommon trap: reason=unhandled action=none pc=0x00000000029a8e90 method=java.net.URLClassLoader$1.run()Ljava/lang/Class; @ 72
Event: 688.601 Thread 0x000000000c681800 Uncommon trap: reason=null_check action=make_not_entrant pc=0x00000000029ab2e8 method=java.lang.Package.getSystemPackage(Ljava/lang/String;)Ljava/lang/Package; @ 15

Internal exceptions (10 events):
Event: 688.601 Thread 0x000000000c681800 Threw 0x00000007d5f09508 at C:\re\jdk7u51\527\hotspot\src\share\vm\prims\jvm.cpp:1244
Event: 688.601 Thread 0x000000000c681800 Threw 0x00000007d5f0c458 at C:\re\jdk7u51\527\hotspot\src\share\vm\prims\jvm.cpp:1244
Event: 688.602 Thread 0x000000000c681800 Threw 0x00000007d5f10c10 at C:\re\jdk7u51\527\hotspot\src\share\vm\prims\jvm.cpp:1244
Event: 688.603 Thread 0x000000000c681800 Threw 0x00000007d5f20c40 at C:\re\jdk7u51\527\hotspot\src\share\vm\prims\jvm.cpp:1244
Event: 688.603 Thread 0x000000000c681800 Threw 0x00000007d5f27c70 at C:\re\jdk7u51\527\hotspot\src\share\vm\prims\jvm.cpp:1244
Event: 688.603 Thread 0x000000000c681800 Threw 0x00000007d5f2b058 at C:\re\jdk7u51\527\hotspot\src\share\vm\prims\jvm.cpp:1244
Event: 688.604 Thread 0x000000000c681800 Threw 0x00000007d5f2e108 at C:\re\jdk7u51\527\hotspot\src\share\vm\prims\jvm.cpp:1244
Event: 688.604 Thread 0x000000000c681800 Threw 0x00000007d5f32270 at C:\re\jdk7u51\527\hotspot\src\share\vm\prims\jvm.cpp:1244
Event: 688.605 Thread 0x000000000c681800 Threw 0x00000007d5f66978 at C:\re\jdk7u51\527\hotspot\src\share\vm\prims\jvm.cpp:1244
Event: 703.270 Thread 0x000000000ae4c000 Threw 0x000000077cca74f8 at C:\re\jdk7u51\527\hotspot\src\share\vm\gc_interface/collectedHeap.inline.hpp:225

Events (10 events):
Event: 688.604 loading class 0x000000000c6bbbb0
Event: 688.604 loading class 0x000000000c6bbbb0 done
Event: 688.604 loading class 0x000000000247ec00
Event: 688.604 loading class 0x000000000247ec00 done
Event: 688.605 loading class 0x000000000ee83cd0
Event: 688.605 loading class 0x000000000ee83cd0 done
Event: 688.605 loading class 0x000000000c6b4470
Event: 688.605 loading class 0x000000000c6b4470 done
Event: 703.107 Executing VM operation: ParallelGCFailedPermanentAllocation
Event: 703.270 Executing VM operation: ParallelGCFailedPermanentAllocation done


Dynamic libraries:
0x000000013ffe0000 - 0x0000000140013000 	E:\JDK\jdk1.7.0_51\bin\javaw.exe
0x0000000076e50000 - 0x0000000076fef000 	C:\windows\SYSTEM32\ntdll.dll
0x0000000076c30000 - 0x0000000076d4f000 	C:\windows\system32\kernel32.dll
0x000007fefcd20000 - 0x000007fefcd8a000 	C:\windows\system32\KERNELBASE.dll
0x000007fefefb0000 - 0x000007feff08b000 	C:\windows\system32\ADVAPI32.dll
0x000007fefcfd0000 - 0x000007fefd06f000 	C:\windows\system32\msvcrt.dll
0x000007fefd100000 - 0x000007fefd11f000 	C:\windows\SYSTEM32\sechost.dll
0x000007fefee80000 - 0x000007fefefad000 	C:\windows\system32\RPCRT4.dll
0x0000000076d50000 - 0x0000000076e4a000 	C:\windows\system32\USER32.dll
0x000007fefe840000 - 0x000007fefe8a7000 	C:\windows\system32\GDI32.dll
0x000007feff130000 - 0x000007feff13e000 	C:\windows\system32\LPK.dll
0x000007fefe8b0000 - 0x000007fefe97b000 	C:\windows\system32\USP10.dll
0x000007fefb3d0000 - 0x000007fefb5c4000 	C:\windows\WinSxS\amd64_microsoft.windows.common-controls_6595b64144ccf1df_6.0.7601.18837_none_fa3b1e3d17594757\COMCTL32.dll
0x000007feff0b0000 - 0x000007feff121000 	C:\windows\system32\SHLWAPI.dll
0x000007fefd070000 - 0x000007fefd09e000 	C:\windows\system32\IMM32.DLL
0x000007fefe690000 - 0x000007fefe799000 	C:\windows\system32\MSCTF.dll
0x000007fefc980000 - 0x000007fefc9ee000 	C:\windows\system32\dtrampo.dll
0x000007fefad30000 - 0x000007fefad33000 	C:\windows\system32\api-ms-win-core-synch-l1-2-0.DLL
0x00000000607b0000 - 0x0000000060882000 	E:\JDK\jdk1.7.0_51\jre\bin\msvcr100.dll
0x000000005e3e0000 - 0x000000005eba9000 	E:\JDK\jdk1.7.0_51\jre\bin\server\jvm.dll
0x000007fef6f00000 - 0x000007fef6f09000 	C:\windows\system32\WSOCK32.dll
0x000007fefee30000 - 0x000007fefee7d000 	C:\windows\system32\WS2_32.dll
0x000007fefce30000 - 0x000007fefce38000 	C:\windows\system32\NSI.dll
0x000007fef8f60000 - 0x000007fef8f9b000 	C:\windows\system32\WINMM.dll
0x0000000077000000 - 0x0000000077007000 	C:\windows\system32\PSAPI.DLL
0x0000000066f80000 - 0x0000000066f8f000 	E:\JDK\jdk1.7.0_51\jre\bin\verify.dll
0x0000000066f50000 - 0x0000000066f78000 	E:\JDK\jdk1.7.0_51\jre\bin\java.dll
0x000000005d120000 - 0x000000005d155000 	E:\JDK\jdk1.7.0_51\jre\bin\jdwp.dll
0x000000005d110000 - 0x000000005d118000 	E:\JDK\jdk1.7.0_51\jre\bin\npt.dll
0x0000000066f30000 - 0x0000000066f45000 	E:\JDK\jdk1.7.0_51\jre\bin\zip.dll
0x000000005d100000 - 0x000000005d109000 	E:\JDK\jdk1.7.0_51\jre\bin\dt_socket.dll
0x000007fefa630000 - 0x000007fefa645000 	C:\windows\system32\NLAapi.dll
0x000007fef8570000 - 0x000007fef8585000 	C:\windows\system32\napinsp.dll
0x000007fef8370000 - 0x000007fef8389000 	C:\windows\system32\pnrpnsp.dll
0x000007fefc110000 - 0x000007fefc165000 	C:\windows\System32\mswsock.dll
0x000007fefbf90000 - 0x000007fefbfeb000 	C:\windows\system32\DNSAPI.dll
0x000007fef6be0000 - 0x000007fef6beb000 	C:\windows\System32\winrnr.dll
0x000007fefa260000 - 0x000007fefa287000 	C:\windows\system32\IPHLPAPI.DLL
0x000007fefa250000 - 0x000007fefa25b000 	C:\windows\system32\WINNSI.DLL
0x000007fefa0d0000 - 0x000007fefa123000 	C:\windows\System32\fwpuclnt.dll
0x000007fef9280000 - 0x000007fef9288000 	C:\windows\system32\rasadhlp.dll
0x000007fefbb30000 - 0x000007fefbb37000 	C:\windows\System32\wshtcpip.dll
0x0000000066f10000 - 0x0000000066f29000 	E:\JDK\jdk1.7.0_51\jre\bin\net.dll
0x000007fefc100000 - 0x000007fefc107000 	C:\windows\System32\wship6.dll
0x0000000066ef0000 - 0x0000000066f01000 	E:\JDK\jdk1.7.0_51\jre\bin\nio.dll
0x000007fefc170000 - 0x000007fefc188000 	C:\windows\system32\CRYPTSP.dll
0x000007fefbe70000 - 0x000007fefbeb7000 	C:\windows\system32\rsaenh.dll
0x000007fefcce0000 - 0x000007fefccfe000 	C:\windows\system32\USERENV.dll
0x000007fefca00000 - 0x000007fefca0f000 	C:\windows\system32\profapi.dll
0x000007fefc820000 - 0x000007fefc82f000 	C:\windows\system32\CRYPTBASE.dll
0x000000005d0f0000 - 0x000000005d0fb000 	E:\JDK\jdk1.7.0_51\jre\bin\management.dll
0x000007fefaaf0000 - 0x000007fefac15000 	C:\windows\system32\dbghelp.dll

VM Arguments:
jvm_args: -agentlib:jdwp=transport=dt_socket,suspend=y,address=localhost:50543 -Dfile.encoding=UTF-8 
java_command: com.DS.Config.StartDSConfig
Launcher Type: SUN_STANDARD

Environment Variables:
JAVA_HOME=E:\JDK\jdk1.7.0_51
PATH=E:\DB\product\11.2.0\dbhome_1\bin;C:\windows\system32;C:\windows;C:\windows\System32\Wbem;C:\windows\System32\WindowsPowerShell\v1.0\;E:\DB\mysql-5.7.22-winx64\bin;E:\apache-maven-3.5.3\bin;C:\Program Files (x86)\MySQL\MySQL Fabric 1.5 & MySQL Utilities 1.5\;C:\Program Files (x86)\MySQL\MySQL Fabric 1.5 & MySQL Utilities 1.5\Doctrine extensions for PHP\;E:\SoftWare\TortoiseSVN\bin;E:\JDK\jdk1.7.0_51\bin;E:\JDK\jdk1.7.0_51\jre\bin;E:\thirft;E:\installSoftware\VisualSVN Server\bin
USERNAME=Administrator
OS=Windows_NT
PROCESSOR_IDENTIFIER=Intel64 Family 6 Model 158 Stepping 9, GenuineIntel



---------------  S Y S T E M  ---------------

OS: Windows 7 , 64 bit Build 7601 Service Pack 1

CPU:total 4 (4 cores per cpu, 1 threads per core) family 6 model 158 stepping 9, cmov, cx8, fxsr, mmx, sse, sse2, sse3, ssse3, sse4.1, sse4.2, popcnt, avx, avx2, aes, erms, tsc, tscinvbit

Memory: 4k page, physical 8264236k(3290716k free), swap 16526572k(9537436k free)

vm_info: Java HotSpot(TM) 64-Bit Server VM (24.51-b03) for windows-amd64 JRE (1.7.0_51-b13), built on Dec 18 2013 18:40:56 by "java_re" with unknown MS VC++:1600

time: Wed Sep 19 13:39:06 2018
elapsed time: 703 seconds

