#
# A fatal error has been detected by the Java Runtime Environment:
#
#  EXCEPTION_ACCESS_VIOLATION (0xc0000005) at pc=0x00000000521d40db, pid=3836, tid=7248
#
# JRE version: Java(TM) SE Runtime Environment (7.0_51-b13) (build 1.7.0_51-b13)
# Java VM: Java HotSpot(TM) 64-Bit Server VM (24.51-b03 mixed mode windows-amd64 compressed oops)
# Problematic frame:
# V  [jvm.dll+0x1940db]
#
# Failed to write core dump. Minidumps are not enabled by default on client versions of Windows
#
# If you would like to submit a bug report, please visit:
#   http://bugreport.sun.com/bugreport/crash.jsp
#

---------------  T H R E A D  ---------------

Current thread (0x000000000c384000):  JavaThread "JDWP Transport Listener: dt_socket" daemon [_thread_in_vm, id=7248, stack(0x000000000cc80000,0x000000000cd80000)]

siginfo: ExceptionCode=0xc0000005, reading address 0x0000000000000000

Registers:
RAX=0x000000000dcf8558, RBX=0x0000000000000000, RCX=0x0000000000000000, RDX=0x0000000000000000
RSP=0x000000000cd7ee70, RBP=0x0000000000000000, RSI=0x0000000000000000, RDI=0x00000000000000c5
R8 =0x00000000525e0281, R9 =0x00000000594d0000, R10=0x0000000000000000, R11=0x0000000000000000
R12=0x000000000c384000, R13=0x000000000c384000, R14=0x000000000cd7f420, R15=0x000000000cd7f420
RIP=0x00000000521d40db, EFLAGS=0x0000000000010246

Top of Stack: (sp=0x000000000cd7ee70)
0x000000000cd7ee70:   000000000ace7d20 0000000000000000
0x000000000cd7ee80:   0000000000000000 000000000c3866a0
0x000000000cd7ee90:   000000000dcf8560 000000000cd7f420
0x000000000cd7eea0:   000000000c384000 0000000000000010
0x000000000cd7eeb0:   0000000000000000 00000000521d2db7
0x000000000cd7eec0:   000000000c384000 000000000dcf8588
0x000000000cd7eed0:   00000000000000b1 000000000c384000
0x000000000cd7eee0:   000000000c38b110 000000000c38b110
0x000000000cd7eef0:   000000000cd7f420 000000000ace7550
0x000000000cd7ef00:   000000000ace7550 000000000cd7f420
0x000000000cd7ef10:   000000000c384000 000000000c38b110
0x000000000cd7ef20:   000000000dcf8530 000000000cd7efa9
0x000000000cd7ef30:   000000000ace7d20 00000000521d6768
0x000000000cd7ef40:   000000000ace7d20 000000000ace7ce8
0x000000000cd7ef50:   000000000dcf8558 00000000000000b2
0x000000000cd7ef60:   000000000cd7f001 000000000c384000 

Instructions: (pc=0x00000000521d40db)
0x00000000521d40bb:   04 8b dd eb 13 49 8b 8c 24 20 01 00 00 48 8b d0
0x00000000521d40cb:   e8 40 0e e7 ff 48 8b d8 48 8b 84 24 e0 00 00 00
0x00000000521d40db:   48 8b 13 48 8b 08 8b 41 3c 89 42 3c 48 8b 84 24
0x00000000521d40eb:   e0 00 00 00 48 8b 10 48 85 d2 75 05 48 8b c5 eb 


Register to memory mapping:

RAX=0x000000000dcf8558 is an unknown value
RBX=0x0000000000000000 is an unknown value
RCX=0x0000000000000000 is an unknown value
RDX=0x0000000000000000 is an unknown value
RSP=0x000000000cd7ee70 is pointing into the stack for thread: 0x000000000c384000
RBP=0x0000000000000000 is an unknown value
RSI=0x0000000000000000 is an unknown value
RDI=0x00000000000000c5 is an unknown value
R8 =0x00000000525e0281 is an unknown value
R9 =0x00000000594d0000 is an unknown value
R10=0x0000000000000000 is an unknown value
R11=0x0000000000000000 is an unknown value
R12=0x000000000c384000 is a thread
R13=0x000000000c384000 is a thread
R14=0x000000000cd7f420 is pointing into the stack for thread: 0x000000000c384000
R15=0x000000000cd7f420 is pointing into the stack for thread: 0x000000000c384000


Stack: [0x000000000cc80000,0x000000000cd80000],  sp=0x000000000cd7ee70,  free space=1019k
Native frames: (J=compiled Java code, j=interpreted, Vv=VM code, C=native code)
V  [jvm.dll+0x1940db]

[error occurred during error reporting (printing native stack), id 0xc0000005]


---------------  P R O C E S S  ---------------

Java Threads: ( => current thread )
  0x000000000c675000 JavaThread "HashSessionScavenger-11" daemon [_thread_blocked, id=11676, stack(0x000000000efd0000,0x000000000f0d0000)]
  0x000000000eec1800 JavaThread "Abandoned connection cleanup thread" daemon [_thread_blocked, id=8644, stack(0x00000000125f0000,0x00000000126f0000)]
  0x000000000eec1000 JavaThread "Abandoned connection cleanup thread" daemon [_thread_blocked, id=4824, stack(0x0000000012840000,0x0000000012940000)]
  0x000000000eebc800 JavaThread "Abandoned connection cleanup thread" daemon [_thread_blocked, id=404, stack(0x00000000124e0000,0x00000000125e0000)]
  0x00000000113b7000 JavaThread "Abandoned connection cleanup thread" daemon [_thread_blocked, id=12028, stack(0x00000000100b0000,0x00000000101b0000)]
  0x00000000113b5800 JavaThread "Abandoned connection cleanup thread" daemon [_thread_blocked, id=11764, stack(0x00000000126f0000,0x00000000127f0000)]
  0x00000000113b6800 JavaThread "Abandoned connection cleanup thread" daemon [_thread_blocked, id=1768, stack(0x0000000010e00000,0x0000000010f00000)]
  0x00000000113b0800 JavaThread "Abandoned connection cleanup thread" daemon [_thread_blocked, id=3972, stack(0x0000000010670000,0x0000000010770000)]
  0x00000000113b4000 JavaThread "Abandoned connection cleanup thread" daemon [_thread_blocked, id=12264, stack(0x0000000010800000,0x0000000010900000)]
  0x000000000c67b000 JavaThread "qtp1193007964-41" [_thread_blocked, id=6772, stack(0x0000000011010000,0x0000000011110000)]
  0x000000000c67a000 JavaThread "qtp1193007964-40" [_thread_blocked, id=7196, stack(0x0000000011160000,0x0000000011260000)]
  0x000000000c679800 JavaThread "qtp1193007964-39" [_thread_blocked, id=10876, stack(0x0000000010f10000,0x0000000011010000)]
  0x000000000c678800 JavaThread "qtp1193007964-38" [_thread_blocked, id=1232, stack(0x0000000010be0000,0x0000000010ce0000)]
  0x000000000c678000 JavaThread "qtp1193007964-37" [_thread_blocked, id=9496, stack(0x0000000010d00000,0x0000000010e00000)]
  0x000000000c677000 JavaThread "qtp1193007964-36 Acceptor0 SelectChannelConnector@0.0.0.0:8081" [_thread_in_native, id=9592, stack(0x000000000fc70000,0x000000000fd70000)]
  0x000000000c676800 JavaThread "qtp1193007964-35" [_thread_blocked, id=9864, stack(0x0000000010a50000,0x0000000010b50000)]
  0x000000000c675800 JavaThread "qtp1193007964-34 Selector0" [_thread_in_native, id=9860, stack(0x000000000d330000,0x000000000d430000)]
  0x000000000c672800 JavaThread "Abandoned connection cleanup thread" daemon [_thread_blocked, id=10284, stack(0x00000000103a0000,0x00000000104a0000)]
  0x000000000d60e800 JavaThread "JFinal-Scanner" daemon [_thread_blocked, id=10688, stack(0x000000000de10000,0x000000000df10000)]
  0x000000000c3a6800 JavaThread "Service Thread" daemon [_thread_blocked, id=10776, stack(0x000000000d230000,0x000000000d330000)]
  0x000000000c3a4000 JavaThread "C2 CompilerThread1" daemon [_thread_blocked, id=10960, stack(0x000000000d100000,0x000000000d200000)]
  0x000000000c3a0000 JavaThread "C2 CompilerThread0" daemon [_thread_blocked, id=9472, stack(0x000000000caf0000,0x000000000cbf0000)]
  0x000000000c393800 JavaThread "JDWP Command Reader" daemon [_thread_in_native, id=10556, stack(0x000000000ce90000,0x000000000cf90000)]
  0x000000000c38e000 JavaThread "JDWP Event Helper Thread" daemon [_thread_blocked, id=9244, stack(0x000000000c930000,0x000000000ca30000)]
=>0x000000000c384000 JavaThread "JDWP Transport Listener: dt_socket" daemon [_thread_in_vm, id=7248, stack(0x000000000cc80000,0x000000000cd80000)]
  0x000000000aced000 JavaThread "Attach Listener" daemon [_thread_blocked, id=3872, stack(0x000000000c280000,0x000000000c380000)]
  0x000000000ace6000 JavaThread "Signal Dispatcher" daemon [_thread_blocked, id=10352, stack(0x000000000c0b0000,0x000000000c1b0000)]
  0x000000000ac76800 JavaThread "Finalizer" daemon [_thread_blocked, id=980, stack(0x000000000be30000,0x000000000bf30000)]
  0x000000000ac6d800 JavaThread "Reference Handler" daemon [_thread_blocked, id=10796, stack(0x000000000bf50000,0x000000000c050000)]
  0x0000000001c4f800 JavaThread "main" [_thread_blocked, id=9444, stack(0x0000000002690000,0x0000000002790000)]

Other Threads:
  0x000000000ac6c000 VMThread [stack: 0x000000000bca0000,0x000000000bda0000] [id=10764]
  0x000000000c3c2800 WatcherThread [stack: 0x000000000d440000,0x000000000d540000] [id=11480]

VM state:not at safepoint (normal execution)

VM Mutex/Monitor currently owned by a thread: None

Heap
 PSYoungGen      total 43520K, used 0K [0x00000007d5f00000, 0x00000007d8e80000, 0x0000000800000000)
  eden space 39424K, 0% used [0x00000007d5f00000,0x00000007d5f00000,0x00000007d8580000)
  from space 4096K, 0% used [0x00000007d8a80000,0x00000007d8a80000,0x00000007d8e80000)
  to   space 4608K, 0% used [0x00000007d8580000,0x00000007d8580000,0x00000007d8a00000)
 ParOldGen       total 1377280K, used 14238K [0x0000000781e00000, 0x00000007d5f00000, 0x00000007d5f00000)
  object space 1377280K, 1% used [0x0000000781e00000,0x0000000782be7b10,0x00000007d5f00000)
 PSPermGen       total 83968K, used 83966K [0x000000077cc00000, 0x0000000781e00000, 0x0000000781e00000)
  object space 83968K, 99% used [0x000000077cc00000,0x0000000781dff9f8,0x0000000781e00000)

Card table byte_map: [0x0000000005790000,0x0000000005bb0000] byte_map_base: 0x0000000001baa000

Polling page: 0x0000000000340000

Code Cache  [0x0000000002790000, 0x0000000002be0000, 0x0000000005790000)
 total_blobs=1286 nmethods=891 adapters=354 free_code_cache=44914Kb largest_free_block=45860096

Compilation events (10 events):
Event: 2020.228 Thread 0x000000000c3a0000 nmethod 940 0x0000000002b38590 code [0x0000000002b386e0, 0x0000000002b387e8]
Event: 2020.231 Thread 0x000000000c3a4000 nmethod 939 0x0000000002ad9ed0 code [0x0000000002ada040, 0x0000000002ada218]
Event: 2021.026 Thread 0x000000000c3a0000  941             sun.nio.ch.WindowsSelectorImpl$SubSelector::access$400 (5 bytes)
Event: 2021.026 Thread 0x000000000c3a4000  942             sun.nio.ch.WindowsSelectorImpl$SubSelector::poll (47 bytes)
Event: 2021.027 Thread 0x000000000c3a4000 nmethod 942 0x0000000002b39550 code [0x0000000002b396a0, 0x0000000002b397c8]
Event: 2021.027 Thread 0x000000000c3a0000 nmethod 941 0x00000000029b8e50 code [0x00000000029b8fa0, 0x00000000029b9108]
Event: 2021.426 Thread 0x000000000c3a4000  944             sun.nio.ch.WindowsSelectorImpl$SubSelector::access$2900 (6 bytes)
Event: 2021.426 Thread 0x000000000c3a0000  945             sun.nio.ch.WindowsSelectorImpl$SubSelector::processSelectedKeys (48 bytes)
Event: 2021.427 Thread 0x000000000c3a0000 nmethod 945 0x00000000029b8ad0 code [0x00000000029b8c20, 0x00000000029b8d48]
Event: 2021.427 Thread 0x000000000c3a4000 nmethod 944 0x00000000029b8690 code [0x00000000029b8800, 0x00000000029b8928]

GC Heap History (10 events):
Event: 2106.680 GC heap before
{Heap before GC invocations=66 (full 22):
 PSYoungGen      total 43520K, used 64K [0x00000007d5f00000, 0x00000007d8f00000, 0x0000000800000000)
  eden space 38912K, 0% used [0x00000007d5f00000,0x00000007d5f00000,0x00000007d8500000)
  from space 4608K, 1% used [0x00000007d8a80000,0x00000007d8a90000,0x00000007d8f00000)
  to   space 5120K, 0% used [0x00000007d8500000,0x00000007d8500000,0x00000007d8a00000)
 ParOldGen       total 1377280K, used 14238K [0x0000000781e00000, 0x00000007d5f00000, 0x00000007d5f00000)
  object space 1377280K, 1% used [0x0000000781e00000,0x0000000782be7b10,0x00000007d5f00000)
 PSPermGen       total 83968K, used 83967K [0x000000077cc00000, 0x0000000781e00000, 0x0000000781e00000)
  object space 83968K, 99% used [0x000000077cc00000,0x0000000781dffcd0,0x0000000781e00000)
Event: 2106.749 GC heap after
Heap after GC invocations=66 (full 22):
 PSYoungGen      total 43520K, used 0K [0x00000007d5f00000, 0x00000007d8f00000, 0x0000000800000000)
  eden space 38912K, 0% used [0x00000007d5f00000,0x00000007d5f00000,0x00000007d8500000)
  from space 4608K, 0% used [0x00000007d8a80000,0x00000007d8a80000,0x00000007d8f00000)
  to   space 5120K, 0% used [0x00000007d8500000,0x00000007d8500000,0x00000007d8a00000)
 ParOldGen       total 1377280K, used 14238K [0x0000000781e00000, 0x00000007d5f00000, 0x00000007d5f00000)
  object space 1377280K, 1% used [0x0000000781e00000,0x0000000782be7b10,0x00000007d5f00000)
 PSPermGen       total 83968K, used 83936K [0x000000077cc00000, 0x0000000781e00000, 0x0000000781e00000)
  object space 83968K, 99% used [0x000000077cc00000,0x0000000781df8058,0x0000000781e00000)
}
Event: 2106.750 GC heap before
{Heap before GC invocations=67 (full 22):
 PSYoungGen      total 43520K, used 18K [0x00000007d5f00000, 0x00000007d8f00000, 0x0000000800000000)
  eden space 38912K, 0% used [0x00000007d5f00000,0x00000007d5f048c8,0x00000007d8500000)
  from space 4608K, 0% used [0x00000007d8a80000,0x00000007d8a80000,0x00000007d8f00000)
  to   space 5120K, 0% used [0x00000007d8500000,0x00000007d8500000,0x00000007d8a00000)
 ParOldGen       total 1377280K, used 14238K [0x0000000781e00000, 0x00000007d5f00000, 0x00000007d5f00000)
  object space 1377280K, 1% used [0x0000000781e00000,0x0000000782be7b10,0x00000007d5f00000)
 PSPermGen       total 83968K, used 83966K [0x000000077cc00000, 0x0000000781e00000, 0x0000000781e00000)
  object space 83968K, 99% used [0x000000077cc00000,0x0000000781dff9f8,0x0000000781e00000)
Event: 2106.752 GC heap after
Heap after GC invocations=67 (full 22):
 PSYoungGen      total 44032K, used 0K [0x00000007d5f00000, 0x00000007d8f80000, 0x0000000800000000)
  eden space 38912K, 0% used [0x00000007d5f00000,0x00000007d5f00000,0x00000007d8500000)
  from space 5120K, 0% used [0x00000007d8500000,0x00000007d8500000,0x00000007d8a00000)
  to   space 5120K, 0% used [0x00000007d8a80000,0x00000007d8a80000,0x00000007d8f80000)
 ParOldGen       total 1377280K, used 14238K [0x0000000781e00000, 0x00000007d5f00000, 0x00000007d5f00000)
  object space 1377280K, 1% used [0x0000000781e00000,0x0000000782be7b10,0x00000007d5f00000)
 PSPermGen       total 83968K, used 83966K [0x000000077cc00000, 0x0000000781e00000, 0x0000000781e00000)
  object space 83968K, 99% used [0x000000077cc00000,0x0000000781dff9f8,0x0000000781e00000)
}
Event: 2106.752 GC heap before
{Heap before GC invocations=68 (full 23):
 PSYoungGen      total 44032K, used 0K [0x00000007d5f00000, 0x00000007d8f80000, 0x0000000800000000)
  eden space 38912K, 0% used [0x00000007d5f00000,0x00000007d5f00000,0x00000007d8500000)
  from space 5120K, 0% used [0x00000007d8500000,0x00000007d8500000,0x00000007d8a00000)
  to   space 5120K, 0% used [0x00000007d8a80000,0x00000007d8a80000,0x00000007d8f80000)
 ParOldGen       total 1377280K, used 14238K [0x0000000781e00000, 0x00000007d5f00000, 0x00000007d5f00000)
  object space 1377280K, 1% used [0x0000000781e00000,0x0000000782be7b10,0x00000007d5f00000)
 PSPermGen       total 83968K, used 83966K [0x000000077cc00000, 0x0000000781e00000, 0x0000000781e00000)
  object space 83968K, 99% used [0x000000077cc00000,0x0000000781dff9f8,0x0000000781e00000)
Event: 2106.809 GC heap after
Heap after GC invocations=68 (full 23):
 PSYoungGen      total 44032K, used 0K [0x00000007d5f00000, 0x00000007d8f80000, 0x0000000800000000)
  eden space 38912K, 0% used [0x00000007d5f00000,0x00000007d5f00000,0x00000007d8500000)
  from space 5120K, 0% used [0x00000007d8500000,0x00000007d8500000,0x00000007d8a00000)
  to   space 5120K, 0% used [0x00000007d8a80000,0x00000007d8a80000,0x00000007d8f80000)
 ParOldGen       total 1377280K, used 14238K [0x0000000781e00000, 0x00000007d5f00000, 0x00000007d5f00000)
  object space 1377280K, 1% used [0x0000000781e00000,0x0000000782be7b10,0x00000007d5f00000)
 PSPermGen       total 83968K, used 83966K [0x000000077cc00000, 0x0000000781e00000, 0x0000000781e00000)
  object space 83968K, 99% used [0x000000077cc00000,0x0000000781dff9f8,0x0000000781e00000)
}
Event: 2106.809 GC heap before
{Heap before GC invocations=69 (full 23):
 PSYoungGen      total 44032K, used 0K [0x00000007d5f00000, 0x00000007d8f80000, 0x0000000800000000)
  eden space 38912K, 0% used [0x00000007d5f00000,0x00000007d5f00000,0x00000007d8500000)
  from space 5120K, 0% used [0x00000007d8500000,0x00000007d8500000,0x00000007d8a00000)
  to   space 5120K, 0% used [0x00000007d8a80000,0x00000007d8a80000,0x00000007d8f80000)
 ParOldGen       total 1377280K, used 14238K [0x0000000781e00000, 0x00000007d5f00000, 0x00000007d5f00000)
  object space 1377280K, 1% used [0x0000000781e00000,0x0000000782be7b10,0x00000007d5f00000)
 PSPermGen       total 83968K, used 83966K [0x000000077cc00000, 0x0000000781e00000, 0x0000000781e00000)
  object space 83968K, 99% used [0x000000077cc00000,0x0000000781dff9f8,0x0000000781e00000)
Event: 2106.811 GC heap after
Heap after GC invocations=69 (full 23):
 PSYoungGen      total 43520K, used 0K [0x00000007d5f00000, 0x00000007d8e80000, 0x0000000800000000)
  eden space 39424K, 0% used [0x00000007d5f00000,0x00000007d5f00000,0x00000007d8580000)
  from space 4096K, 0% used [0x00000007d8a80000,0x00000007d8a80000,0x00000007d8e80000)
  to   space 4608K, 0% used [0x00000007d8580000,0x00000007d8580000,0x00000007d8a00000)
 ParOldGen       total 1377280K, used 14238K [0x0000000781e00000, 0x00000007d5f00000, 0x00000007d5f00000)
  object space 1377280K, 1% used [0x0000000781e00000,0x0000000782be7b10,0x00000007d5f00000)
 PSPermGen       total 83968K, used 83966K [0x000000077cc00000, 0x0000000781e00000, 0x0000000781e00000)
  object space 83968K, 99% used [0x000000077cc00000,0x0000000781dff9f8,0x0000000781e00000)
}
Event: 2106.811 GC heap before
{Heap before GC invocations=70 (full 24):
 PSYoungGen      total 43520K, used 0K [0x00000007d5f00000, 0x00000007d8e80000, 0x0000000800000000)
  eden space 39424K, 0% used [0x00000007d5f00000,0x00000007d5f00000,0x00000007d8580000)
  from space 4096K, 0% used [0x00000007d8a80000,0x00000007d8a80000,0x00000007d8e80000)
  to   space 4608K, 0% used [0x00000007d8580000,0x00000007d8580000,0x00000007d8a00000)
 ParOldGen       total 1377280K, used 14238K [0x0000000781e00000, 0x00000007d5f00000, 0x00000007d5f00000)
  object space 1377280K, 1% used [0x0000000781e00000,0x0000000782be7b10,0x00000007d5f00000)
 PSPermGen       total 83968K, used 83966K [0x000000077cc00000, 0x0000000781e00000, 0x0000000781e00000)
  object space 83968K, 99% used [0x000000077cc00000,0x0000000781dff9f8,0x0000000781e00000)
Event: 2106.868 GC heap after
Heap after GC invocations=70 (full 24):
 PSYoungGen      total 43520K, used 0K [0x00000007d5f00000, 0x00000007d8e80000, 0x0000000800000000)
  eden space 39424K, 0% used [0x00000007d5f00000,0x00000007d5f00000,0x00000007d8580000)
  from space 4096K, 0% used [0x00000007d8a80000,0x00000007d8a80000,0x00000007d8e80000)
  to   space 4608K, 0% used [0x00000007d8580000,0x00000007d8580000,0x00000007d8a00000)
 ParOldGen       total 1377280K, used 14238K [0x0000000781e00000, 0x00000007d5f00000, 0x00000007d5f00000)
  object space 1377280K, 1% used [0x0000000781e00000,0x0000000782be7b10,0x00000007d5f00000)
 PSPermGen       total 83968K, used 83966K [0x000000077cc00000, 0x0000000781e00000, 0x0000000781e00000)
  object space 83968K, 99% used [0x000000077cc00000,0x0000000781dff9f8,0x0000000781e00000)
}

Deoptimization events (10 events):
Event: 1995.669 Thread 0x000000000d60e800 Uncommon trap: reason=range_check action=none pc=0x00000000029a66e4 method=sun.reflect.generics.parser.SignatureParser.current()C @ 34
Event: 1995.669 Thread 0x000000000d60e800 Uncommon trap: reason=range_check action=none pc=0x00000000029a66e4 method=sun.reflect.generics.parser.SignatureParser.current()C @ 34
Event: 1995.669 Thread 0x000000000d60e800 Uncommon trap: reason=range_check action=none pc=0x00000000029a66e4 method=sun.reflect.generics.parser.SignatureParser.current()C @ 34
Event: 1995.669 Thread 0x000000000d60e800 Uncommon trap: reason=range_check action=none pc=0x00000000029a66e4 method=sun.reflect.generics.parser.SignatureParser.current()C @ 34
Event: 1995.669 Thread 0x000000000d60e800 Uncommon trap: reason=range_check action=none pc=0x00000000029a66e4 method=sun.reflect.generics.parser.SignatureParser.current()C @ 34
Event: 1995.669 Thread 0x000000000d60e800 Uncommon trap: reason=range_check action=none pc=0x00000000029a66e4 method=sun.reflect.generics.parser.SignatureParser.current()C @ 34
Event: 1995.669 Thread 0x000000000d60e800 Uncommon trap: reason=range_check action=none pc=0x00000000029a66e4 method=sun.reflect.generics.parser.SignatureParser.current()C @ 34
Event: 1995.669 Thread 0x000000000d60e800 Uncommon trap: reason=range_check action=none pc=0x00000000029a66e4 method=sun.reflect.generics.parser.SignatureParser.current()C @ 34
Event: 1995.669 Thread 0x000000000d60e800 Uncommon trap: reason=range_check action=none pc=0x00000000029a66e4 method=sun.reflect.generics.parser.SignatureParser.current()C @ 34
Event: 1995.670 Thread 0x000000000d60e800 Uncommon trap: reason=range_check action=none pc=0x00000000029a66e4 method=sun.reflect.generics.parser.SignatureParser.current()C @ 34

Internal exceptions (10 events):
Event: 1995.714 Thread 0x000000000d60e800 Threw 0x00000007d7a294b0 at C:\re\jdk7u51\527\hotspot\src\share\vm\prims\jvm.cpp:1244
Event: 1995.714 Thread 0x000000000d60e800 Threw 0x00000007d7a2d1e0 at C:\re\jdk7u51\527\hotspot\src\share\vm\prims\jvm.cpp:1244
Event: 1995.714 Thread 0x000000000d60e800 Threw 0x00000007d7a2d8b8 at C:\re\jdk7u51\527\hotspot\src\share\vm\prims\jvm.cpp:1244
Event: 1995.714 Thread 0x000000000d60e800 Threw 0x00000007d7a30868 at C:\re\jdk7u51\527\hotspot\src\share\vm\prims\jvm.cpp:1244
Event: 1995.714 Thread 0x000000000d60e800 Threw 0x00000007d7a30b20 at C:\re\jdk7u51\527\hotspot\src\share\vm\classfile\systemDictionary.cpp:185
Event: 1996.063 Thread 0x000000000d60e800 Threw 0x000000077cca74d8 at C:\re\jdk7u51\527\hotspot\src\share\vm\gc_interface/collectedHeap.inline.hpp:225
Event: 1996.076 Thread 0x000000000d60e800 Threw 0x000000077cca74d8 at C:\re\jdk7u51\527\hotspot\src\share\vm\prims\jvm.cpp:1248
Event: 2013.570 Thread 0x000000000c384000 Threw 0x000000077cca74b8 at C:\re\jdk7u51\527\hotspot\src\share\vm\gc_interface/collectedHeap.inline.hpp:225
Event: 2032.004 Thread 0x000000000c384000 Threw 0x000000077cca54b8 at C:\re\jdk7u51\527\hotspot\src\share\vm\gc_interface/collectedHeap.inline.hpp:225
Event: 2106.868 Thread 0x000000000c384000 Threw 0x000000077cca54b8 at C:\re\jdk7u51\527\hotspot\src\share\vm\gc_interface/collectedHeap.inline.hpp:225

Events (10 events):
Event: 2025.634 Executing VM operation: RevokeBias
Event: 2025.634 Executing VM operation: RevokeBias done
Event: 2031.785 Executing VM operation: ParallelGCFailedPermanentAllocation
Event: 2031.862 Executing VM operation: ParallelGCFailedPermanentAllocation done
Event: 2031.863 Executing VM operation: ParallelGCFailedPermanentAllocation
Event: 2032.004 Executing VM operation: ParallelGCFailedPermanentAllocation done
Event: 2106.678 Executing VM operation: ParallelGCFailedPermanentAllocation
Event: 2106.749 Executing VM operation: ParallelGCFailedPermanentAllocation done
Event: 2106.750 Executing VM operation: ParallelGCFailedPermanentAllocation
Event: 2106.868 Executing VM operation: ParallelGCFailedPermanentAllocation done


Dynamic libraries:
0x000000013fc00000 - 0x000000013fc33000 	E:\JDK\jdk1.7.0_51\bin\javaw.exe
0x00000000774c0000 - 0x000000007765f000 	C:\windows\SYSTEM32\ntdll.dll
0x00000000773a0000 - 0x00000000774bf000 	C:\windows\system32\kernel32.dll
0x000007fefd3b0000 - 0x000007fefd41a000 	C:\windows\system32\KERNELBASE.dll
0x000007fefd470000 - 0x000007fefd54b000 	C:\windows\system32\ADVAPI32.dll
0x000007feff710000 - 0x000007feff7af000 	C:\windows\system32\msvcrt.dll
0x000007fefdde0000 - 0x000007fefddff000 	C:\windows\SYSTEM32\sechost.dll
0x000007fefe850000 - 0x000007fefe97d000 	C:\windows\system32\RPCRT4.dll
0x00000000772a0000 - 0x000000007739a000 	C:\windows\system32\USER32.dll
0x000007fefdea0000 - 0x000007fefdf07000 	C:\windows\system32\GDI32.dll
0x000007fefe120000 - 0x000007fefe12e000 	C:\windows\system32\LPK.dll
0x000007fefdb50000 - 0x000007fefdc1b000 	C:\windows\system32\USP10.dll
0x000007fefba40000 - 0x000007fefbc34000 	C:\windows\WinSxS\amd64_microsoft.windows.common-controls_6595b64144ccf1df_6.0.7601.18837_none_fa3b1e3d17594757\COMCTL32.dll
0x000007fefda50000 - 0x000007fefdac1000 	C:\windows\system32\SHLWAPI.dll
0x000007fefdd90000 - 0x000007fefddbe000 	C:\windows\system32\IMM32.DLL
0x000007fefdc80000 - 0x000007fefdd89000 	C:\windows\system32\MSCTF.dll
0x000007fefcff0000 - 0x000007fefd05e000 	C:\windows\system32\dtrampo.dll
0x000007fefa380000 - 0x000007fefa383000 	C:\windows\system32\api-ms-win-core-synch-l1-2-0.DLL
0x00000000594d0000 - 0x00000000595a2000 	E:\JDK\jdk1.7.0_51\jre\bin\msvcr100.dll
0x0000000052040000 - 0x0000000052809000 	E:\JDK\jdk1.7.0_51\jre\bin\server\jvm.dll
0x000007fef4a40000 - 0x000007fef4a49000 	C:\windows\system32\WSOCK32.dll
0x000007fefd420000 - 0x000007fefd46d000 	C:\windows\system32\WS2_32.dll
0x000007fefe110000 - 0x000007fefe118000 	C:\windows\system32\NSI.dll
0x000007fef7450000 - 0x000007fef748b000 	C:\windows\system32\WINMM.dll
0x0000000077670000 - 0x0000000077677000 	C:\windows\system32\PSAPI.DLL
0x0000000060a70000 - 0x0000000060a7f000 	E:\JDK\jdk1.7.0_51\jre\bin\verify.dll
0x0000000059690000 - 0x00000000596b8000 	E:\JDK\jdk1.7.0_51\jre\bin\java.dll
0x0000000054dc0000 - 0x0000000054df5000 	E:\JDK\jdk1.7.0_51\jre\bin\jdwp.dll
0x0000000059630000 - 0x0000000059638000 	E:\JDK\jdk1.7.0_51\jre\bin\npt.dll
0x0000000059670000 - 0x0000000059685000 	E:\JDK\jdk1.7.0_51\jre\bin\zip.dll
0x0000000059640000 - 0x0000000059649000 	E:\JDK\jdk1.7.0_51\jre\bin\dt_socket.dll
0x000007fefad20000 - 0x000007fefad35000 	C:\windows\system32\NLAapi.dll
0x000007fef78a0000 - 0x000007fef78b5000 	C:\windows\system32\napinsp.dll
0x000007fef5090000 - 0x000007fef50a9000 	C:\windows\system32\pnrpnsp.dll
0x000007fefc6e0000 - 0x000007fefc735000 	C:\windows\System32\mswsock.dll
0x000007fefc5d0000 - 0x000007fefc62b000 	C:\windows\system32\DNSAPI.dll
0x000007fef5080000 - 0x000007fef508b000 	C:\windows\System32\winrnr.dll
0x000007fefa6e0000 - 0x000007fefa707000 	C:\windows\system32\IPHLPAPI.DLL
0x000007fefa6c0000 - 0x000007fefa6cb000 	C:\windows\system32\WINNSI.DLL
0x000007fefa570000 - 0x000007fefa5c3000 	C:\windows\System32\fwpuclnt.dll
0x000007fef9f30000 - 0x000007fef9f38000 	C:\windows\system32\rasadhlp.dll
0x000007fefc1a0000 - 0x000007fefc1a7000 	C:\windows\System32\wshtcpip.dll
0x0000000059650000 - 0x0000000059669000 	E:\JDK\jdk1.7.0_51\jre\bin\net.dll
0x000007fefc810000 - 0x000007fefc817000 	C:\windows\System32\wship6.dll
0x00000000595d0000 - 0x00000000595e1000 	E:\JDK\jdk1.7.0_51\jre\bin\nio.dll
0x000007fefca10000 - 0x000007fefca28000 	C:\windows\system32\CRYPTSP.dll
0x000007fefc4e0000 - 0x000007fefc527000 	C:\windows\system32\rsaenh.dll
0x000007fefd390000 - 0x000007fefd3ae000 	C:\windows\system32\USERENV.dll
0x000007fefd070000 - 0x000007fefd07f000 	C:\windows\system32\profapi.dll
0x000007fefce90000 - 0x000007fefce9f000 	C:\windows\system32\CRYPTBASE.dll
0x0000000059620000 - 0x000000005962b000 	E:\JDK\jdk1.7.0_51\jre\bin\management.dll
0x000007fefa1e0000 - 0x000007fefa305000 	C:\windows\system32\dbghelp.dll

VM Arguments:
jvm_args: -agentlib:jdwp=transport=dt_socket,suspend=y,address=localhost:61576 -Dfile.encoding=UTF-8 
java_command: com.DS.Config.StartDSConfig
Launcher Type: SUN_STANDARD

Environment Variables:
JAVA_HOME=E:\JDK\jdk1.7.0_79
PATH=E:\JDK\jdk1.7.0_51\jre\bin;E:\DB\product\11.2.0\dbhome_1\bin;C:\windows\system32;C:\windows;C:\windows\System32\Wbem;C:\windows\System32\WindowsPowerShell\v1.0\;E:\DB\mysql-5.7.22-winx64\bin;E:\apache-maven-3.5.3\bin;C:\Program Files (x86)\MySQL\MySQL Fabric 1.5 & MySQL Utilities 1.5\;C:\Program Files (x86)\MySQL\MySQL Fabric 1.5 & MySQL Utilities 1.5\Doctrine extensions for PHP\;E:\SoftWare\TortoiseSVN\bin;E:\JDK\jdk1.7.0_79\bin;E:\JDK\jdk1.7.0_79\jre\bin;E:\thirft;E:\installSoftware\VisualSVN Server\bin;F:\newWorld\softWare\Anaconda3;E:\SoftWare\JetBrains\PyCharm 2018.3\bin;
USERNAME=Administrator
OS=Windows_NT
PROCESSOR_IDENTIFIER=Intel64 Family 6 Model 158 Stepping 9, GenuineIntel



---------------  S Y S T E M  ---------------

OS: Windows 7 , 64 bit Build 7601 Service Pack 1

CPU:total 4 (4 cores per cpu, 1 threads per core) family 6 model 158 stepping 9, cmov, cx8, fxsr, mmx, sse, sse2, sse3, ssse3, sse4.1, sse4.2, popcnt, avx, avx2, aes, erms, tsc, tscinvbit

Memory: 4k page, physical 8264236k(1398548k free), swap 16526572k(4041584k free)

vm_info: Java HotSpot(TM) 64-Bit Server VM (24.51-b03) for windows-amd64 JRE (1.7.0_51-b13), built on Dec 18 2013 18:40:56 by "java_re" with unknown MS VC++:1600

time: Tue Dec 04 17:37:34 2018
elapsed time: 2106 seconds

